<!DOCTYPE html PUBLIC "-//W3C//DTD XHTML 1.0 Strict//EN" "http://www.w3.org/TR/xhtml1/DTD/xhtml1-strict.dtd">
<html xmlns="http://www.w3.org/1999/xhtml">
<head>
<meta http-equiv="Content-Type" content="text/html; charset=UTF-8">
<meta http-equiv="Content-Security-Policy" content="sandbox; default-src 'self'; script-src 'self' 'unsafe-inline'; img-src 'self'; style-src 'self';">
<title>Test Results &mdash; Functional Tests</title>
<link rel="stylesheet" type="text/css" href="style.css">
<script type="text/javascript" src="jquery-3.3.1.min.js"></script>
<script type="text/javascript" src="treeview.js"></script>
</head>
</style>
</head>

<body>
	<div id="container">
		<div id="header">
		<div class="time">Date : 2019-03-27 09:35</div>
			<h1>Functional Tests :<strong><span class="total"> 26 total, </span>
				<span class="failed">5 failed</span>
				 
				 <span class="passed">10 passed</span></strong>
				 
                 	    <span class="ignored">4 error</span>
                 
                 
                         <span class="skipped">7 skip</span>
                  
				 </h1>

			<div id="treecontrol">
            	<ul>
            	<li>
            		<a title="Collapse the entire tree below" href="#">Collapse</a>
                              |
                            </li>
            		<li>
            			<a title="Expand the entire tree below" href="#">Expand</a>
            		</li>
            	</ul>
            </div>
          </div>
            <div id="content">
				<ul id="tree">
					<li xmlns="" class="level top open">
						<span><em class="time">
							<div class="time">3.0 s</div>
					        </em>Functional Tests:</span>
			
			<ul>
            
                    <li class="level suite mixed_fail_skip_error closed" title="click to expand">
                        <span><em class="time">
                            <div class="time">0.0 s</div>
                            </em>
                             <div id="bars">
                              <span class="firstOverlayLine"></span>
                              <span class="secondOverlayLine"></span>
                              </div>
                            Failure Skip Error
                        </span>
            
			<ul>
			
                
                        
                <li class="level test ignored open">
                    <span><em class="time">
                        <div class="time">0.0 ms</div>
                            </em><em class="status">test error</em>test_nose_error</span>
                            <ul>
                                <li class="text">
                                    <span class="stdout">
                                      File "/local/thaeral/work/workspace/market-features/test/failure_skip_error/test_nose_error
                                </span>
                                </li>
                            <li class="text">
                                <span class="std">
                                    <div id ='exception_id'>
                                                Exception error   File "/local/thaeral/work/workspace/market-features/test/failure_skip_error/test_nose_error.py", line 10, in setUpClass
    raise Exception("error")

                                       </div>
                                          </span>
                                          </li>
                                      </ul>
                                      </li>
                
				
                        
                               <li class="level test failed open">
                                    <span><em class="time">
                                        <div class="time">0.07 ms</div>
                                            </em>
                                        <em class="status">test failed</em>first test, simulation passing test
                                     </span>
                                 <ul>
                                    <li class="text">
                                            <span class="stdout">
                                                    ('test.failure_skip_error.test_nose_plugin', 'TestNosePlugin.test_one')
                                             </span>
                                     </li>
                                     <li class="text">
                                        <span class="stderr">
                                            <div id ='err_id'>
                                                AssertionError 1 != 2   File "/local/thaeral/work/workspace/market-features/test/failure_skip_error/test_nose_plugin.py", line 12, in test_one
    assert_equals(1, 2)

                                            </div>
                                        </span>
                                     </li>
                                 </ul>
                               </li>
            
				
                        
                    <li class="level test">
                        <span><em class="time">
                            <div class="time">0.03 ms</div>
                                </em><em class="status">test passed</em>first test, simulation passing test1</span>
                                <ul>
                                 <li class="text">
                                    <span class="stdout">
                                        ('test.failure_skip_error.test_nose_plugin', 'TestNosePlugin.test_one_passed')
                                    </span>
                                  </li>
                                  </ul>
                                  </li>
                
				
                        

                    <li class="level test skipped open">
                        <span><em class="time">
                            <div class="time">0.01 ms</div>
                                </em><em class="status">test skipped</em>first test, simulation passing test</span>
                                <ul>
                                    <li class="text">
                                        <span class="stdout">
                                            ('test.failure_skip_error.test_nose_plugin', 'TestNosePlugin.test_one6')
                                        </span>
                                      </li>
                                      <li class="text">
                                        <span class="std">
                                            <div id ='skip_id'>
                                                skip one and fail one
                                                </div>
                                         </span>
                                         </li>
                                </ul>
                    </li>
                
				
				        </li>
            	    </ul>
                 </li>
                 </ul>
                
			<ul>
            
                  <li class="level suite mixed_skip_fail closed" title="click to expand">
                    <span><em class="time">
                        <div class="time">0.0 s</div>
                        </em>
                         <div id="bars">
                            <span class="firstOverlayLine"></span>

                         </div>
                        Failure Skip Failed
                    </span>

           
			<ul>
			
                
                        
                               <li class="level test failed open">
                                    <span><em class="time">
                                        <div class="time">0.03 ms</div>
                                            </em>
                                        <em class="status">test failed</em>first test, simulation passing test
                                     </span>
                                 <ul>
                                    <li class="text">
                                            <span class="stdout">
                                                    ('test.failure_skip_failed.test_nose_plugin', 'TestNosePlugin.test_one')
                                             </span>
                                     </li>
                                     <li class="text">
                                        <span class="stderr">
                                            <div id ='err_id'>
                                                AssertionError 1 != 2   File "/local/thaeral/work/workspace/market-features/test/failure_skip_failed/test_nose_plugin.py", line 18, in test_one
    assert_equals(1, 2)

                                            </div>
                                        </span>
                                     </li>
                                 </ul>
                               </li>
            
				
                        

                    <li class="level test skipped open">
                        <span><em class="time">
                            <div class="time">0.01 ms</div>
                                </em><em class="status">test skipped</em>first test, simulation passing test</span>
                                <ul>
                                    <li class="text">
                                        <span class="stdout">
                                            ('test.failure_skip_failed.test_nose_plugin', 'TestNosePlugin.test_one6')
                                        </span>
                                      </li>
                                      <li class="text">
                                        <span class="std">
                                            <div id ='skip_id'>
                                                skip one and fail one
                                                </div>
                                         </span>
                                         </li>
                                </ul>
                    </li>
                
				
				        </li>
            	    </ul>
                 </li>
                 </ul>
                
			<ul>
            
                   <li class="level suite mixed_skipped_error closed" title="click to expand">
                        <span><em class="time">
                            <div class="time">0.0 s</div>
                            </em>
                            <div id="bars">
                              <span class="skipOverlayLine" ></span>
                              </div>
                             Market Error Skip
                           </span>

           
			<ul>
			
                
                        
                <li class="level test ignored open">
                    <span><em class="time">
                        <div class="time">0.17 ms</div>
                            </em><em class="status">test error</em>test_nose_error</span>
                            <ul>
                                <li class="text">
                                    <span class="stdout">
                                      File "/local/thaeral/work/workspace/market-features/test/market_error_skip/test_nose_error
                                </span>
                                </li>
                            <li class="text">
                                <span class="std">
                                    <div id ='exception_id'>
                                                Exception error   File "/local/thaeral/work/workspace/market-features/test/market_error_skip/test_nose_error.py", line 10, in setUpClass
    raise Exception("error")

                                       </div>
                                          </span>
                                          </li>
                                      </ul>
                                      </li>
                
				
                        

                    <li class="level test skipped open">
                        <span><em class="time">
                            <div class="time">0.01 ms</div>
                                </em><em class="status">test skipped</em>first test, simulation passing test</span>
                                <ul>
                                    <li class="text">
                                        <span class="stdout">
                                            ('test.market_error_skip.test_nose_plugin', 'TestNosePlugin.test_one6')
                                        </span>
                                      </li>
                                      <li class="text">
                                        <span class="std">
                                            <div id ='skip_id'>
                                                skip one and error one
                                                </div>
                                         </span>
                                         </li>
                                </ul>
                    </li>
                
				
				        </li>
            	    </ul>
                 </li>
                 </ul>
                
			<ul>
            
                   <li class="level suite mixed_fail_error closed" title="click to expand">
                       <span><em class="time">
                            <div class="time">0.0 s</div>
                                </em>
                                 <div id="bars">
                                 <span class="firstOverlayLine"></span>
                                 </div>
                                Market Fail Error
                        </span>
           
			<ul>
			
                
                        
                <li class="level test ignored open">
                    <span><em class="time">
                        <div class="time">0.16 ms</div>
                            </em><em class="status">test error</em>test_nose_error</span>
                            <ul>
                                <li class="text">
                                    <span class="stdout">
                                      File "/local/thaeral/work/workspace/market-features/test/market_fail_error/test_nose_error
                                </span>
                                </li>
                            <li class="text">
                                <span class="std">
                                    <div id ='exception_id'>
                                                Exception error   File "/local/thaeral/work/workspace/market-features/test/market_fail_error/test_nose_error.py", line 10, in setUpClass
    raise Exception("error")

                                       </div>
                                          </span>
                                          </li>
                                      </ul>
                                      </li>
                
				
                        
                               <li class="level test failed open">
                                    <span><em class="time">
                                        <div class="time">0.03 ms</div>
                                            </em>
                                        <em class="status">test failed</em>first test, simulation passing test
                                     </span>
                                 <ul>
                                    <li class="text">
                                            <span class="stdout">
                                                    ('test.market_fail_error.test_nose_plugin', 'TestNosePlugin.test_one6')
                                             </span>
                                     </li>
                                     <li class="text">
                                        <span class="stderr">
                                            <div id ='err_id'>
                                                AssertionError 1 != 2   File "/local/thaeral/work/workspace/market-features/test/market_fail_error/test_nose_plugin.py", line 11, in test_one6
    assert_equals(1, 2)

                                            </div>
                                        </span>
                                     </li>
                                 </ul>
                               </li>
            
				
				        </li>
            	    </ul>
                 </li>
                 </ul>
                
			<ul>
            
           			            <li class="level suite failed closed" title="click to expand">
           			 <span><em class="time">
                         <div class="time">0.0 s</div>
                       </em>Market Feature 1
                       </span>

           
			<ul>
			
            				<p>All test related to Market 1</p>
            				</br>
            
                
                        
                    <li class="level test">
                        <span><em class="time">
                            <div class="time">0.01 ms</div>
                                </em><em class="status">test passed</em>first test, simulation passing test</span>
                                <ul>
                                 <li class="text">
                                    <span class="stdout">
                                        ('test.market_feature_1.test_nose_plugin', 'TestNosePlugin.test_one')
                                    </span>
                                  </li>
                                  </ul>
                                  </li>
                
				
                        
                    <li class="level test">
                        <span><em class="time">
                            <div class="time">0.01 ms</div>
                                </em><em class="status">test passed</em>first test, simulation passing test</span>
                                <ul>
                                 <li class="text">
                                    <span class="stdout">
                                        ('test.market_feature_1.test_nose_plugin', 'TestNosePlugin.test_one6')
                                    </span>
                                  </li>
                                  </ul>
                                  </li>
                
				
                        
                    <li class="level test">
                        <span><em class="time">
                            <div class="time">0.01 ms</div>
                                </em><em class="status">test passed</em>third test, simulation failing test</span>
                                <ul>
                                 <li class="text">
                                    <span class="stdout">
                                        ('test.market_feature_1.test_nose_plugin', 'TestNosePlugin.test_three')
                                    </span>
                                  </li>
                                  </ul>
                                  </li>
                
				
                        
                               <li class="level test failed open">
                                    <span><em class="time">
                                        <div class="time">0.03 ms</div>
                                            </em>
                                        <em class="status">test failed</em>another test module with some test, this is the first test
                                     </span>
                                 <ul>
                                    <li class="text">
                                            <span class="stdout">
                                                    ('test.market_feature_1.test_nose_plugin_next', 'TestNosePluginNext.test_next_one')
                                             </span>
                                     </li>
                                     <li class="text">
                                        <span class="stderr">
                                            <div id ='err_id'>
                                                AssertionError 1 != 2   File "/local/thaeral/work/workspace/market-features/test/market_feature_1/test_nose_plugin_next.py", line 16, in test_next_one
    assert_equals(1, 2)

                                            </div>
                                        </span>
                                     </li>
                                 </ul>
                               </li>
            
				
                        
                               <li class="level test failed open">
                                    <span><em class="time">
                                        <div class="time">0.03 ms</div>
                                            </em>
                                        <em class="status">test failed</em>another test module with some test, this is the third test, simulation failing test
                                     </span>
                                 <ul>
                                    <li class="text">
                                            <span class="stdout">
                                                    ('test.market_feature_1.test_nose_plugin_next', 'TestNosePluginNext.test_next_three')
                                             </span>
                                     </li>
                                     <li class="text">
                                        <span class="stderr">
                                            <div id ='err_id'>
                                                AssertionError 1 != 3   File "/local/thaeral/work/workspace/market-features/test/market_feature_1/test_nose_plugin_next.py", line 24, in test_next_three
    assert_equals(1, 3)

                                            </div>
                                        </span>
                                     </li>
                                 </ul>
                               </li>
            
				
                        
                    <li class="level test">
                        <span><em class="time">
                            <div class="time">0.01 ms</div>
                                </em><em class="status">test passed</em>another test module with some test, this is the seconde test</span>
                                <ul>
                                 <li class="text">
                                    <span class="stdout">
                                        ('test.market_feature_1.test_nose_plugin_next', 'TestNosePluginNext.test_next_two')
                                    </span>
                                  </li>
                                  </ul>
                                  </li>
                
				
				        </li>
            	    </ul>
                 </li>
                 </ul>
                
			<ul>
            
                 <li class="level suite skipped closed" title="click to expand">
                    <span><em class="time">
                     <div class="time">0.0 s</div>
                    </em>Market Feature 2
                </span>
           
			<ul>
			
            				<p>Market Feature related to Feature 2</p>
            				</br>
            
                
                        
                    <li class="level test">
                        <span><em class="time">
                            <div class="time">0.01 ms</div>
                                </em><em class="status">test passed</em>test_one</span>
                                <ul>
                                 <li class="text">
                                    <span class="stdout">
                                        ('test.market_feature_2.test_nose_plugin', 'TestNosePlugin.test_one')
                                    </span>
                                  </li>
                                  </ul>
                                  </li>
                
				
                        

                    <li class="level test skipped open">
                        <span><em class="time">
                            <div class="time">0.01 ms</div>
                                </em><em class="status">test skipped</em>test_two</span>
                                <ul>
                                    <li class="text">
                                        <span class="stdout">
                                            ('test.market_feature_2.test_nose_plugin', 'TestNosePlugin.test_two')
                                        </span>
                                      </li>
                                      <li class="text">
                                        <span class="std">
                                            <div id ='skip_id'>
                                                test another skip
                                                </div>
                                         </span>
                                         </li>
                                </ul>
                    </li>
                
				
				        </li>
            	    </ul>
                 </li>
                 </ul>
                
			<ul>
            
                 <li class="level suite skipped closed" title="click to expand">
                    <span><em class="time">
                     <div class="time">3.0 s</div>
                    </em>Timings
                </span>
           
			<ul>
			
            				<p> New test feature added to check time is being recorded on the report</p>
            				</br>
            
                
                        
                    <li class="level test">
                        <span><em class="time">
                            <div class="time">1001.35 ms</div>
                                </em><em class="status">test passed</em>test_wait_for_1_sec</span>
                                <ul>
                                 <li class="text">
                                    <span class="stdout">
                                        ('test.timings.test_elapse_timings', 'ElapseTimes.test_wait_for_1_sec')
                                    </span>
                                  </li>
                                  </ul>
                                  </li>
                
				
                        
                    <li class="level test">
                        <span><em class="time">
                            <div class="time">2002.3 ms</div>
                                </em><em class="status">test passed</em>test_wait_for_2_sec</span>
                                <ul>
                                 <li class="text">
                                    <span class="stdout">
                                        ('test.timings.test_elapse_timings', 'ElapseTimes.test_wait_for_2_sec')
                                    </span>
                                  </li>
                                  </ul>
                                  </li>
                
				
                        
                    <li class="level test">
                        <span><em class="time">
                            <div class="time">0.02 ms</div>
                                </em><em class="status">test passed</em>test_two</span>
                                <ul>
                                 <li class="text">
                                    <span class="stdout">
                                        ('test.timings.test_nose_plugin', 'TestNosePlugin.test_two')
                                    </span>
                                  </li>
                                  </ul>
                                  </li>
                
				
                        

                    <li class="level test skipped open">
                        <span><em class="time">
                            <div class="time">0.01 ms</div>
                                </em><em class="status">test skipped</em>test_one</span>
                                <ul>
                                    <li class="text">
                                        <span class="stdout">
                                            ('test.timings.test_nose_plugin', 'TestNosePlugin.test_one')
                                        </span>
                                      </li>
                                      <li class="text">
                                        <span class="std">
                                            <div id ='skip_id'>
                                                testing skipping
                                                </div>
                                         </span>
                                         </li>
                                </ul>
                    </li>
                
				
				        </li>
            	    </ul>
                 </li>
                 </ul>
                
			<ul>
            
        		      <li class="level suite ignored closed" title="click to expand">
            			 <span><em class="time">
                          <div class="time">0.0 s</div>
                        </em>Error Tests
                        </span>
           
			<ul>
			
            				<p>
    it is failing test market feature
</p>
            				</br>
            
                
                        
                    <li class="level test">
                        <span><em class="time">
                            <div class="time">0.02 ms</div>
                                </em><em class="status">test passed</em>test_next_one</span>
                                <ul>
                                 <li class="text">
                                    <span class="stdout">
                                        ('test.error_tests.test_exception', 'TestNosePluginNext.test_next_one')
                                    </span>
                                  </li>
                                  </ul>
                                  </li>
                
				
                        
                <li class="level test ignored open">
                    <span><em class="time">
                        <div class="time">0.19 ms</div>
                            </em><em class="status">test error</em>test_exception_error</span>
                            <ul>
                                <li class="text">
                                    <span class="stdout">
                                      File "/local/thaeral/work/workspace/market-features/test/error_tests/test_exception_error
                                </span>
                                </li>
                            <li class="text">
                                <span class="std">
                                    <div id ='exception_id'>
                                                Exception failing in loading test class   File "/local/thaeral/work/workspace/market-features/test/error_tests/test_exception_error.py", line 10, in setUpClass
    raise Exception("failing in loading test class")

                                       </div>
                                          </span>
                                          </li>
                                      </ul>
                                      </li>
                
				
				        </li>
            	    </ul>
                 </li>
                 </ul>
                
			<ul>
            
                 <li class="level suite skipped closed" title="click to expand">
                    <span><em class="time">
                     <div class="time">0.0 s</div>
                    </em>Skip Market Feature
                </span>
           
			<ul>
			
            				<p>test case to detect skip test cases</p>
            				</br>
            
                
                        

                    <li class="level test skipped open">
                        <span><em class="time">
                            <div class="time">0.01 ms</div>
                                </em><em class="status">test skipped</em>test_next_one</span>
                                <ul>
                                    <li class="text">
                                        <span class="stdout">
                                            ('test.skip_market_feature.test_skip_my_tests', 'TestSkippy.test_next_one')
                                        </span>
                                      </li>
                                      <li class="text">
                                        <span class="std">
                                            <div id ='skip_id'>
                                                not yet implemented - testing skip
                                                </div>
                                         </span>
                                         </li>
                                </ul>
                    </li>
                
				
                        

                    <li class="level test skipped open">
                        <span><em class="time">
                            <div class="time">0.01 ms</div>
                                </em><em class="status">test skipped</em>test_next_two</span>
                                <ul>
                                    <li class="text">
                                        <span class="stdout">
                                            ('test.skip_market_feature.test_skip_my_tests', 'TestSkippy.test_next_two')
                                        </span>
                                      </li>
                                      <li class="text">
                                        <span class="std">
                                            <div id ='skip_id'>
                                                not yet implemented 2
                                                </div>
                                         </span>
                                         </li>
                                </ul>
                    </li>
                
				
				        </li>
            	    </ul>
                 </li>
                 </ul>
                
                </li>
             </ul>
            </li>
           </ul>
          </li>
        </div>
    </div>
</body>
</html>